11:14:45.619 [DEBUG] [org.gradle.logging.internal.DefaultLoggingConfigurer] Finished configuring with level: DEBUG, configurers: [org.gradle.logging.internal.OutputEventRenderer@217431b9, org.gradle.logging.internal.logback.LogbackLoggingConfigurer@536c79d7, org.gradle.logging.internal.JavaUtilLoggingConfigurer@76b33d0a]
11:14:45.644 [INFO] [org.gradle.launcher.daemon.server.Daemon] start() called on daemon - DefaultDaemonContext[uid=4bcaee9d-120a-441c-9410-233d771d65ea,javaHome=/System/Library/Java/JavaVirtualMachines/1.6.0.jdk/Contents/Home,daemonRegistryDir=/Users/developer/Documents/Android/HiiSniper/Sizer/daemon,pid=4060,idleTimeout=60000,daemonOpts=-XX:MaxPermSize=256m,-XX:+HeapDumpOnOutOfMemoryError,-Xmx1024m,-Dfile.encoding=UTF-8]
11:14:45.647 [DEBUG] [org.gradle.launcher.daemon.server.DaemonStateCoordinator] updating lastActivityAt to 1382660085647
11:14:45.667 [DEBUG] [org.gradle.messaging.remote.internal.inet.InetAddressFactory] Adding IP addresses for network interface en0
11:14:45.668 [DEBUG] [org.gradle.messaging.remote.internal.inet.InetAddressFactory] Is this a loopback interface? false
11:14:45.668 [DEBUG] [org.gradle.messaging.remote.internal.inet.InetAddressFactory] Adding non-loopback address /fe80:0:0:0:aa20:66ff:fe56:b62e%4
11:14:45.669 [DEBUG] [org.gradle.messaging.remote.internal.inet.InetAddressFactory] Adding non-loopback address /192.168.1.237
11:14:45.670 [DEBUG] [org.gradle.messaging.remote.internal.inet.InetAddressFactory] Adding IP addresses for network interface lo0
11:14:45.670 [DEBUG] [org.gradle.messaging.remote.internal.inet.InetAddressFactory] Is this a loopback interface? true
11:14:45.671 [DEBUG] [org.gradle.messaging.remote.internal.inet.InetAddressFactory] Ignoring non-loopback address on loopback interface /fe80:0:0:0:0:0:0:1%1
11:14:45.671 [DEBUG] [org.gradle.messaging.remote.internal.inet.InetAddressFactory] Adding loopback address /0:0:0:0:0:0:0:1
11:14:45.672 [DEBUG] [org.gradle.messaging.remote.internal.inet.InetAddressFactory] Adding loopback address /127.0.0.1
11:14:45.673 [DEBUG] [org.gradle.messaging.remote.internal.inet.TcpIncomingConnector] Listening on [5a12fd23-474f-4ddf-8366-1dc812d69a8f port:55222, addresses:[/0:0:0:0:0:0:0:1, /127.0.0.1]].
11:14:45.675 [DEBUG] [org.gradle.launcher.daemon.server.Daemon] Daemon starting at: Fri Oct 25 11:14:45 EST 2013, with address: [5a12fd23-474f-4ddf-8366-1dc812d69a8f port:55222, addresses:[/0:0:0:0:0:0:0:1, /127.0.0.1]]
11:14:45.676 [INFO] [org.gradle.launcher.daemon.server.DomainRegistryUpdater] Advertising the daemon address to the clients: [5a12fd23-474f-4ddf-8366-1dc812d69a8f port:55222, addresses:[/0:0:0:0:0:0:0:1, /127.0.0.1]]
11:14:45.676 [DEBUG] [org.gradle.launcher.daemon.server.DomainRegistryUpdater] Advertised daemon context: DefaultDaemonContext[uid=4bcaee9d-120a-441c-9410-233d771d65ea,javaHome=/System/Library/Java/JavaVirtualMachines/1.6.0.jdk/Contents/Home,daemonRegistryDir=/Users/developer/Documents/Android/HiiSniper/Sizer/daemon,pid=4060,idleTimeout=60000,daemonOpts=-XX:MaxPermSize=256m,-XX:+HeapDumpOnOutOfMemoryError,-Xmx1024m,-Dfile.encoding=UTF-8]
11:14:45.677 [DEBUG] [org.gradle.launcher.daemon.registry.PersistentDaemonRegistry] Storing daemon address: [5a12fd23-474f-4ddf-8366-1dc812d69a8f port:55222, addresses:[/0:0:0:0:0:0:0:1, /127.0.0.1]], context: DefaultDaemonContext[uid=4bcaee9d-120a-441c-9410-233d771d65ea,javaHome=/System/Library/Java/JavaVirtualMachines/1.6.0.jdk/Contents/Home,daemonRegistryDir=/Users/developer/Documents/Android/HiiSniper/Sizer/daemon,pid=4060,idleTimeout=60000,daemonOpts=-XX:MaxPermSize=256m,-XX:+HeapDumpOnOutOfMemoryError,-Xmx1024m,-Dfile.encoding=UTF-8]
11:14:45.680 [DEBUG] [org.gradle.cache.internal.DefaultFileLockManager] Waiting to acquire exclusive lock on daemon addresses registry.
11:14:45.686 [DEBUG] [org.gradle.cache.internal.DefaultFileLockManager] Lock acquired.
11:14:45.687 [DEBUG] [org.gradle.cache.internal.DefaultFileLockManager] Releasing lock on daemon addresses registry.
11:14:45.689 [DEBUG] [org.gradle.cache.internal.DefaultFileLockManager] Waiting to acquire exclusive lock on daemon addresses registry.
11:14:45.689 [DEBUG] [org.gradle.cache.internal.DefaultFileLockManager] Lock acquired.
11:14:45.707 [DEBUG] [org.gradle.cache.internal.DefaultFileLockManager] Releasing lock on daemon addresses registry.
11:14:45.708 [LIFECYCLE] [org.gradle.launcher.daemon.bootstrap.DaemonMain] Daemon server started. Pid: 4060.
11:14:45.709 [DEBUG] [org.gradle.launcher.daemon.bootstrap.DaemonStartupCommunication] Completed writing the daemon greeting. Closing streams...
11:14:45.710 [DEBUG] [org.gradle.launcher.daemon.server.Daemon] requestStopOnIdleTimeout(60000 MILLISECONDS) called on daemon
11:14:45.711 [DEBUG] [org.gradle.launcher.daemon.server.DaemonStateCoordinator] waiting for daemon to stop or be idle for 60000ms
11:14:45.712 [DEBUG] [org.gradle.launcher.daemon.server.DaemonStateCoordinator] Daemon is idle, sleeping until state change or idle timeout at Fri Oct 25 11:15:45 EST 2013
11:14:45.773 [DEBUG] [org.gradle.messaging.remote.internal.inet.TcpIncomingConnector] Accepted connection from /127.0.0.1:55223 to /127.0.0.1:55222.
11:14:45.841 [DEBUG] [org.gradle.launcher.daemon.server.SynchronizedDispatchConnection] thread 16: received class org.gradle.launcher.daemon.protocol.Build
11:14:45.842 [DEBUG] [org.gradle.launcher.daemon.server.DefaultDaemonConnection] Received non-IO message from client: Build{id=fd172cc2-9f38-4a29-b80f-604664a8920d.1, currentDir=/Applications/Android Studio.app/bin}
11:14:45.843 [INFO] [org.gradle.launcher.daemon.server.DefaultIncomingConnectionHandler] Received command: Build{id=fd172cc2-9f38-4a29-b80f-604664a8920d.1, currentDir=/Applications/Android Studio.app/bin}.
11:14:45.843 [DEBUG] [org.gradle.launcher.daemon.server.DefaultIncomingConnectionHandler] Starting executing command: Build{id=fd172cc2-9f38-4a29-b80f-604664a8920d.1, currentDir=/Applications/Android Studio.app/bin} with connection: socket connection at /127.0.0.1:55222 with /127.0.0.1:55223.
11:14:45.868 [DEBUG] [org.gradle.launcher.daemon.server.DaemonStateCoordinator] onStartCommand(DaemonCommandExecution[command = Build{id=fd172cc2-9f38-4a29-b80f-604664a8920d.1, currentDir=/Applications/Android Studio.app/bin}, connection = org.gradle.launcher.daemon.server.DefaultDaemonConnection@6a5eb489]) called after 0.0 minutes of idle
11:14:45.869 [INFO] [org.gradle.launcher.daemon.server.DomainRegistryUpdater] Marking the daemon as busy, address: [5a12fd23-474f-4ddf-8366-1dc812d69a8f port:55222, addresses:[/0:0:0:0:0:0:0:1, /127.0.0.1]]
11:14:45.870 [DEBUG] [org.gradle.launcher.daemon.registry.PersistentDaemonRegistry] Marking busy by address: [5a12fd23-474f-4ddf-8366-1dc812d69a8f port:55222, addresses:[/0:0:0:0:0:0:0:1, /127.0.0.1]]
11:14:45.871 [DEBUG] [org.gradle.cache.internal.DefaultFileLockManager] Waiting to acquire exclusive lock on daemon addresses registry.
11:14:45.871 [DEBUG] [org.gradle.cache.internal.DefaultFileLockManager] Lock acquired.
11:14:45.880 [DEBUG] [org.gradle.cache.internal.DefaultFileLockManager] Releasing lock on daemon addresses registry.
11:14:45.880 [DEBUG] [org.gradle.launcher.daemon.server.DaemonStateCoordinator] updating lastActivityAt to 1382660085880
11:14:45.881 [DEBUG] [org.gradle.launcher.daemon.server.DaemonStateCoordinator] Daemon is busy, sleeping until state changes.
11:14:45.881 [INFO] [org.gradle.launcher.daemon.server.exec.StartBuildOrRespondWithBusy] Daemon is about to start building: Build{id=fd172cc2-9f38-4a29-b80f-604664a8920d.1, currentDir=/Applications/Android Studio.app/bin}. Dispatching build started information...
11:14:45.882 [DEBUG] [org.gradle.launcher.daemon.server.SynchronizedDispatchConnection] thread 15: dispatching class org.gradle.launcher.daemon.protocol.BuildStarted
11:14:45.888 [DEBUG] [org.gradle.launcher.daemon.server.exec.EstablishBuildEnvironment] Configuring env variables: {SHELL=/bin/zsh, TMPDIR=/var/folders/4l/vc0vwdyx4bx91sdt9_0gnznw0000gn/T/, __CF_USER_TEXT_ENCODING=0x1F5:0:0, PATH=/usr/bin:/bin:/usr/sbin:/sbin, JAVA_INSTALL_ON_DEMAND=1, DISPLAY=/tmp/launch-8sb5Pn/org.macosforge.xquartz:0, USER=developer, HOME=/Users/developer, LOGNAME=developer, Apple_PubSub_Socket_Render=/tmp/launch-40FV3X/Render, SSH_AUTH_SOCK=/tmp/launch-W5I0ob/Listeners, __CHECKFIX1436934=1}
11:14:45.936 [INFO] [org.gradle.launcher.daemon.server.exec.LogToClient] About to start relaying all logs to the client via the connection.
11:14:45.937 [INFO] [org.gradle.launcher.daemon.server.exec.LogToClient] The client will now receive all logging from the daemon (pid: 4060). The daemon log file: /Users/developer/Documents/Android/HiiSniper/Sizer/daemon/1.6/daemon-4060.out.log
11:14:45.939 [DEBUG] [org.gradle.launcher.daemon.server.SynchronizedDispatchConnection] thread 16: received class org.gradle.launcher.daemon.protocol.CloseInput
11:14:45.940 [DEBUG] [org.gradle.launcher.daemon.server.DefaultDaemonConnection] Received IO message from client: CloseInput[id=fd172cc2-9f38-4a29-b80f-604664a8920d.2]
11:14:45.941 [INFO] [org.gradle.launcher.daemon.server.exec.ForwardClientInput] Closing daemon's stdin at end of input.
11:14:45.941 [INFO] [org.gradle.launcher.daemon.server.exec.ForwardClientInput] The daemon will no longer process any standard input.
11:14:45.943 [INFO] [org.gradle.launcher.daemon.server.exec.ExecuteBuild] Executing build with daemon context: DefaultDaemonContext[uid=4bcaee9d-120a-441c-9410-233d771d65ea,javaHome=/System/Library/Java/JavaVirtualMachines/1.6.0.jdk/Contents/Home,daemonRegistryDir=/Users/developer/Documents/Android/HiiSniper/Sizer/daemon,pid=4060,idleTimeout=60000,daemonOpts=-XX:MaxPermSize=256m,-XX:+HeapDumpOnOutOfMemoryError,-Xmx1024m,-Dfile.encoding=UTF-8]
Download http://repo1.maven.org/maven2/com/android/tools/build/gradle/0.5.7/gradle-0.5.7.pom
Download http://repo1.maven.org/maven2/com/android/tools/lint/lint/22.2.0/lint-22.2.0.pom
Download http://repo1.maven.org/maven2/com/android/tools/build/builder/0.5.7/builder-0.5.7.pom
Download http://repo1.maven.org/maven2/net/sf/proguard/proguard-gradle/4.9/proguard-gradle-4.9.pom
Download http://repo1.maven.org/maven2/net/sf/proguard/proguard-parent/4.9/proguard-parent-4.9.pom
Download http://repo1.maven.org/maven2/com/android/tools/lint/lint-checks/22.2.0/lint-checks-22.2.0.pom
Download http://repo1.maven.org/maven2/com/android/tools/build/manifest-merger/22.2.0/manifest-merger-22.2.0.pom
Download http://repo1.maven.org/maven2/com/android/tools/build/builder-test-api/0.5.7/builder-test-api-0.5.7.pom
Download http://repo1.maven.org/maven2/com/android/tools/build/builder-model/0.5.7/builder-model-0.5.7.pom
Download http://repo1.maven.org/maven2/com/android/tools/sdklib/22.2.0/sdklib-22.2.0.pom
Download http://repo1.maven.org/maven2/com/android/tools/ddms/ddmlib/22.2.0/ddmlib-22.2.0.pom
Download http://repo1.maven.org/maven2/org/bouncycastle/bcpkix-jdk15on/1.48/bcpkix-jdk15on-1.48.pom
Download http://repo1.maven.org/maven2/com/android/tools/sdk-common/22.2.0/sdk-common-22.2.0.pom
Download http://repo1.maven.org/maven2/net/sf/proguard/proguard-base/4.9/proguard-base-4.9.pom
Download http://repo1.maven.org/maven2/com/android/tools/lint/lint-api/22.2.0/lint-api-22.2.0.pom
Download http://repo1.maven.org/maven2/org/ow2/asm/asm-analysis/4.0/asm-analysis-4.0.pom
Download http://repo1.maven.org/maven2/org/ow2/asm/asm-parent/4.0/asm-parent-4.0.pom
Download http://repo1.maven.org/maven2/org/ow2/ow2/1.3/ow2-1.3.pom
Download http://repo1.maven.org/maven2/com/android/tools/common/22.2.0/common-22.2.0.pom
Download http://repo1.maven.org/maven2/kxml2/kxml2/2.3.0/kxml2-2.3.0.pom
Download http://repo1.maven.org/maven2/com/android/tools/layoutlib/layoutlib-api/22.2.0/layoutlib-api-22.2.0.pom
Download http://repo1.maven.org/maven2/com/android/tools/dvlib/22.2.0/dvlib-22.2.0.pom
Download http://repo1.maven.org/maven2/org/apache/httpcomponents/httpclient/4.1.1/httpclient-4.1.1.pom
Download http://repo1.maven.org/maven2/org/apache/httpcomponents/httpcomponents-client/4.1.1/httpcomponents-client-4.1.1.pom
Download http://repo1.maven.org/maven2/org/apache/httpcomponents/project/4.1.1/project-4.1.1.pom
Download http://repo1.maven.org/maven2/org/apache/httpcomponents/httpmime/4.1/httpmime-4.1.pom
Download http://repo1.maven.org/maven2/org/apache/httpcomponents/httpcomponents-client/4.1/httpcomponents-client-4.1.pom
Download http://repo1.maven.org/maven2/org/apache/commons/commons-compress/1.0/commons-compress-1.0.pom
Download http://repo1.maven.org/maven2/org/apache/commons/commons-parent/11/commons-parent-11.pom
Download http://repo1.maven.org/maven2/org/apache/apache/4/apache-4.pom
Download http://repo1.maven.org/maven2/net/sf/kxml/kxml2/2.3.0/kxml2-2.3.0.pom
Download http://repo1.maven.org/maven2/org/bouncycastle/bcprov-jdk15on/1.48/bcprov-jdk15on-1.48.pom
Download http://repo1.maven.org/maven2/org/ow2/asm/asm/4.0/asm-4.0.pom
Download http://repo1.maven.org/maven2/com/android/tools/external/lombok/lombok-ast/0.2.1/lombok-ast-0.2.1.pom
Download http://repo1.maven.org/maven2/org/ow2/asm/asm-tree/4.0/asm-tree-4.0.pom
Download http://repo1.maven.org/maven2/com/google/guava/guava/13.0.1/guava-13.0.1.pom
Download http://repo1.maven.org/maven2/com/google/guava/guava-parent/13.0.1/guava-parent-13.0.1.pom
Download http://repo1.maven.org/maven2/org/sonatype/oss/oss-parent/7/oss-parent-7.pom
Download http://repo1.maven.org/maven2/org/apache/httpcomponents/httpcore/4.1/httpcore-4.1.pom
Download http://repo1.maven.org/maven2/org/apache/httpcomponents/httpcomponents-core/4.1/httpcomponents-core-4.1.pom
Download http://repo1.maven.org/maven2/commons-logging/commons-logging/1.1.1/commons-logging-1.1.1.pom
Download http://repo1.maven.org/maven2/org/apache/commons/commons-parent/5/commons-parent-5.pom
Download http://repo1.maven.org/maven2/commons-codec/commons-codec/1.4/commons-codec-1.4.pom
Download http://repo1.maven.org/maven2/com/android/tools/build/gradle/0.5.7/gradle-0.5.7.jar
Download http://repo1.maven.org/maven2/com/google/guava/guava/13.0.1/guava-13.0.1.jar
Download http://repo1.maven.org/maven2/com/android/tools/common/22.2.0/common-22.2.0.jar
Download http://repo1.maven.org/maven2/net/sf/kxml/kxml2/2.3.0/kxml2-2.3.0.jar
Download http://repo1.maven.org/maven2/com/android/tools/layoutlib/layoutlib-api/22.2.0/layoutlib-api-22.2.0.jar
Download http://repo1.maven.org/maven2/com/android/tools/dvlib/22.2.0/dvlib-22.2.0.jar
Download http://repo1.maven.org/maven2/org/apache/httpcomponents/httpcore/4.1/httpcore-4.1.jar
Download http://repo1.maven.org/maven2/commons-logging/commons-logging/1.1.1/commons-logging-1.1.1.jar
Download http://repo1.maven.org/maven2/commons-codec/commons-codec/1.4/commons-codec-1.4.jar
Download http://repo1.maven.org/maven2/org/apache/httpcomponents/httpclient/4.1.1/httpclient-4.1.1.jar
Download http://repo1.maven.org/maven2/org/apache/httpcomponents/httpmime/4.1/httpmime-4.1.jar
Download http://repo1.maven.org/maven2/org/apache/commons/commons-compress/1.0/commons-compress-1.0.jar
Download http://repo1.maven.org/maven2/com/android/tools/sdklib/22.2.0/sdklib-22.2.0.jar
Download http://repo1.maven.org/maven2/com/android/tools/sdk-common/22.2.0/sdk-common-22.2.0.jar
Download http://repo1.maven.org/maven2/org/ow2/asm/asm/4.0/asm-4.0.jar
Download http://repo1.maven.org/maven2/com/android/tools/external/lombok/lombok-ast/0.2.1/lombok-ast-0.2.1.jar
Download http://repo1.maven.org/maven2/org/ow2/asm/asm-tree/4.0/asm-tree-4.0.jar
Download http://repo1.maven.org/maven2/com/android/tools/lint/lint-api/22.2.0/lint-api-22.2.0.jar
Download http://repo1.maven.org/maven2/org/ow2/asm/asm-analysis/4.0/asm-analysis-4.0.jar
Download http://repo1.maven.org/maven2/com/android/tools/lint/lint-checks/22.2.0/lint-checks-22.2.0.jar
Download http://repo1.maven.org/maven2/com/android/tools/lint/lint/22.2.0/lint-22.2.0.jar
Download http://repo1.maven.org/maven2/com/android/tools/build/manifest-merger/22.2.0/manifest-merger-22.2.0.jar
Download http://repo1.maven.org/maven2/com/android/tools/ddms/ddmlib/22.2.0/ddmlib-22.2.0.jar
Download http://repo1.maven.org/maven2/com/android/tools/build/builder-test-api/0.5.7/builder-test-api-0.5.7.jar
Download http://repo1.maven.org/maven2/com/android/tools/build/builder-model/0.5.7/builder-model-0.5.7.jar
Download http://repo1.maven.org/maven2/org/bouncycastle/bcprov-jdk15on/1.48/bcprov-jdk15on-1.48.jar
Download http://repo1.maven.org/maven2/org/bouncycastle/bcpkix-jdk15on/1.48/bcpkix-jdk15on-1.48.jar
Download http://repo1.maven.org/maven2/com/android/tools/build/builder/0.5.7/builder-0.5.7.jar
Download http://repo1.maven.org/maven2/net/sf/proguard/proguard-base/4.9/proguard-base-4.9.jar
Download http://repo1.maven.org/maven2/net/sf/proguard/proguard-gradle/4.9/proguard-gradle-4.9.jar

FAILURE: Build failed with an exception.

* Where:
Build file '/Users/developer/Documents/Android/HiiSniper/Sizer/build.gradle' line: 9

* What went wrong:
A problem occurred evaluating root project 'Sizer'.
> SDK location not found. Define location with sdk.dir in the local.properties file or with an ANDROID_HOME environment variable.

* Try:
Run with --stacktrace option to get the stack trace. Run with --info or --debug option to get more log output.

BUILD FAILED

Total time: 55.873 secs
11:15:40.445 [DEBUG] [org.gradle.logging.internal.DefaultLoggingConfigurer] Finished configuring with level: DEBUG, configurers: [org.gradle.logging.internal.OutputEventRenderer@217431b9, org.gradle.logging.internal.logback.LogbackLoggingConfigurer@536c79d7, org.gradle.logging.internal.JavaUtilLoggingConfigurer@76b33d0a]
11:15:40.446 [DEBUG] [org.gradle.launcher.daemon.server.exec.ExecuteBuild] The daemon has finished executing the build.
11:15:40.447 [DEBUG] [org.gradle.launcher.daemon.server.exec.ReturnResult] Daemon is dispatching the build result: DaemonCommandResult[type=CommandFailure, value=org.gradle.launcher.exec.ReportedException: org.gradle.api.internal.LocationAwareException: Build file '/Users/developer/Documents/Android/HiiSniper/Sizer/build.gradle' line: 9
A problem occurred evaluating root project 'Sizer'.]
11:15:40.447 [DEBUG] [org.gradle.launcher.daemon.server.SynchronizedDispatchConnection] thread 15: dispatching class org.gradle.launcher.daemon.protocol.CommandFailure
11:15:40.482 [DEBUG] [org.gradle.launcher.daemon.server.DaemonStateCoordinator] onFinishCommand() called while execution = DaemonCommandExecution[command = Build{id=fd172cc2-9f38-4a29-b80f-604664a8920d.1, currentDir=/Applications/Android Studio.app/bin}, connection = org.gradle.launcher.daemon.server.DefaultDaemonConnection@6a5eb489]
11:15:40.482 [DEBUG] [org.gradle.launcher.daemon.server.DaemonStateCoordinator] updating lastActivityAt to 1382660140482
11:15:40.483 [INFO] [org.gradle.launcher.daemon.server.DomainRegistryUpdater] Marking the daemon as idle, address: [5a12fd23-474f-4ddf-8366-1dc812d69a8f port:55222, addresses:[/0:0:0:0:0:0:0:1, /127.0.0.1]]
11:15:40.486 [DEBUG] [org.gradle.launcher.daemon.registry.PersistentDaemonRegistry] Marking idle by address: [5a12fd23-474f-4ddf-8366-1dc812d69a8f port:55222, addresses:[/0:0:0:0:0:0:0:1, /127.0.0.1]]
11:15:40.487 [DEBUG] [org.gradle.cache.internal.DefaultFileLockManager] Waiting to acquire exclusive lock on daemon addresses registry.
11:15:40.488 [DEBUG] [org.gradle.cache.internal.DefaultFileLockManager] Lock acquired.
11:15:40.491 [DEBUG] [org.gradle.cache.internal.DefaultFileLockManager] Releasing lock on daemon addresses registry.
11:15:40.491 [DEBUG] [org.gradle.launcher.daemon.server.DefaultIncomingConnectionHandler] Finishing executing command: Build{id=fd172cc2-9f38-4a29-b80f-604664a8920d.1, currentDir=/Applications/Android Studio.app/bin}
11:15:40.491 [DEBUG] [org.gradle.launcher.daemon.server.DaemonStateCoordinator] Daemon is idle, sleeping until state change or idle timeout at Fri Oct 25 11:16:40 EST 2013
11:15:40.517 [DEBUG] [org.gradle.launcher.daemon.server.SynchronizedDispatchConnection] thread 16: received class org.gradle.launcher.daemon.protocol.Finished
11:15:40.518 [DEBUG] [org.gradle.launcher.daemon.server.DefaultDaemonConnection] Received non-IO message from client: org.gradle.launcher.daemon.protocol.Finished@9ac3689
11:15:40.518 [DEBUG] [org.gradle.launcher.daemon.server.DefaultIncomingConnectionHandler] Received finished message: org.gradle.launcher.daemon.protocol.Finished@9ac3689
11:15:40.519 [DEBUG] [org.gradle.launcher.daemon.server.SynchronizedDispatchConnection] thread 15: stopping connection
11:15:40.519 [DEBUG] [org.gradle.launcher.daemon.server.SynchronizedDispatchConnection] thread 16: received null
11:15:40.523 [DEBUG] [org.gradle.launcher.daemon.server.DefaultDaemonConnection] Received end-of-input from client.
11:15:40.527 [DEBUG] [org.gradle.launcher.daemon.server.SynchronizedDispatchConnection] thread 15: stopping connection
11:15:52.775 [DEBUG] [org.gradle.messaging.remote.internal.inet.TcpIncomingConnector] Accepted connection from /127.0.0.1:55226 to /127.0.0.1:55222.
11:15:52.784 [DEBUG] [org.gradle.launcher.daemon.server.SynchronizedDispatchConnection] thread 20: received class org.gradle.launcher.daemon.protocol.Build
11:15:52.785 [DEBUG] [org.gradle.launcher.daemon.server.DefaultDaemonConnection] Received non-IO message from client: Build{id=1151e12d-b856-4d70-9a50-a5bcd945f89b.1, currentDir=/Applications/Android Studio.app/bin}
11:15:52.785 [INFO] [org.gradle.launcher.daemon.server.DefaultIncomingConnectionHandler] Received command: Build{id=1151e12d-b856-4d70-9a50-a5bcd945f89b.1, currentDir=/Applications/Android Studio.app/bin}.
11:15:52.786 [DEBUG] [org.gradle.launcher.daemon.server.DefaultIncomingConnectionHandler] Starting executing command: Build{id=1151e12d-b856-4d70-9a50-a5bcd945f89b.1, currentDir=/Applications/Android Studio.app/bin} with connection: socket connection at /127.0.0.1:55222 with /127.0.0.1:55226.
11:15:52.786 [DEBUG] [org.gradle.launcher.daemon.server.DaemonStateCoordinator] onStartCommand(DaemonCommandExecution[command = Build{id=1151e12d-b856-4d70-9a50-a5bcd945f89b.1, currentDir=/Applications/Android Studio.app/bin}, connection = org.gradle.launcher.daemon.server.DefaultDaemonConnection@756469e8]) called after 0.0 minutes of idle
11:15:52.787 [INFO] [org.gradle.launcher.daemon.server.DomainRegistryUpdater] Marking the daemon as busy, address: [5a12fd23-474f-4ddf-8366-1dc812d69a8f port:55222, addresses:[/0:0:0:0:0:0:0:1, /127.0.0.1]]
11:15:52.787 [DEBUG] [org.gradle.launcher.daemon.registry.PersistentDaemonRegistry] Marking busy by address: [5a12fd23-474f-4ddf-8366-1dc812d69a8f port:55222, addresses:[/0:0:0:0:0:0:0:1, /127.0.0.1]]
11:15:52.788 [DEBUG] [org.gradle.cache.internal.DefaultFileLockManager] Waiting to acquire exclusive lock on daemon addresses registry.
11:15:52.789 [DEBUG] [org.gradle.cache.internal.DefaultFileLockManager] Lock acquired.
11:15:52.791 [DEBUG] [org.gradle.cache.internal.DefaultFileLockManager] Releasing lock on daemon addresses registry.
11:15:52.792 [DEBUG] [org.gradle.launcher.daemon.server.DaemonStateCoordinator] updating lastActivityAt to 1382660152792
11:15:52.792 [INFO] [org.gradle.launcher.daemon.server.exec.StartBuildOrRespondWithBusy] Daemon is about to start building: Build{id=1151e12d-b856-4d70-9a50-a5bcd945f89b.1, currentDir=/Applications/Android Studio.app/bin}. Dispatching build started information...
11:15:52.793 [DEBUG] [org.gradle.launcher.daemon.server.SynchronizedDispatchConnection] thread 15: dispatching class org.gradle.launcher.daemon.protocol.BuildStarted
11:15:52.792 [DEBUG] [org.gradle.launcher.daemon.server.DaemonStateCoordinator] Daemon is busy, sleeping until state changes.
11:15:52.793 [DEBUG] [org.gradle.launcher.daemon.server.exec.EstablishBuildEnvironment] Configuring env variables: {SHELL=/bin/zsh, TMPDIR=/var/folders/4l/vc0vwdyx4bx91sdt9_0gnznw0000gn/T/, __CF_USER_TEXT_ENCODING=0x1F5:0:0, PATH=/usr/bin:/bin:/usr/sbin:/sbin, JAVA_INSTALL_ON_DEMAND=1, DISPLAY=/tmp/launch-8sb5Pn/org.macosforge.xquartz:0, USER=developer, HOME=/Users/developer, LOGNAME=developer, Apple_PubSub_Socket_Render=/tmp/launch-40FV3X/Render, SSH_AUTH_SOCK=/tmp/launch-W5I0ob/Listeners, __CHECKFIX1436934=1}
11:15:52.795 [INFO] [org.gradle.launcher.daemon.server.exec.LogToClient] About to start relaying all logs to the client via the connection.
11:15:52.795 [INFO] [org.gradle.launcher.daemon.server.exec.LogToClient] The client will now receive all logging from the daemon (pid: 4060). The daemon log file: /Users/developer/Documents/Android/HiiSniper/Sizer/daemon/1.6/daemon-4060.out.log
11:15:52.795 [DEBUG] [org.gradle.launcher.daemon.server.SynchronizedDispatchConnection] thread 20: received class org.gradle.launcher.daemon.protocol.CloseInput
11:15:52.796 [INFO] [org.gradle.launcher.daemon.server.exec.ExecuteBuild] Executing build with daemon context: DefaultDaemonContext[uid=4bcaee9d-120a-441c-9410-233d771d65ea,javaHome=/System/Library/Java/JavaVirtualMachines/1.6.0.jdk/Contents/Home,daemonRegistryDir=/Users/developer/Documents/Android/HiiSniper/Sizer/daemon,pid=4060,idleTimeout=60000,daemonOpts=-XX:MaxPermSize=256m,-XX:+HeapDumpOnOutOfMemoryError,-Xmx1024m,-Dfile.encoding=UTF-8]
11:15:52.796 [DEBUG] [org.gradle.launcher.daemon.server.DefaultDaemonConnection] Received IO message from client: CloseInput[id=1151e12d-b856-4d70-9a50-a5bcd945f89b.2]
11:15:52.796 [INFO] [org.gradle.launcher.daemon.server.exec.ForwardClientInput] Closing daemon's stdin at end of input.
11:15:52.797 [INFO] [org.gradle.launcher.daemon.server.exec.ForwardClientInput] The daemon will no longer process any standard input.

FAILURE: Build failed with an exception.

* Where:
Build file '/Users/developer/Documents/Android/HiiSniper/Sizer/build.gradle' line: 9

* What went wrong:
A problem occurred evaluating root project 'Sizer'.
> SDK location not found. Define location with sdk.dir in the local.properties file or with an ANDROID_HOME environment variable.

* Try:
Run with --stacktrace option to get the stack trace. Run with --info or --debug option to get more log output.

BUILD FAILED

Total time: 1.126 secs
11:15:53.880 [DEBUG] [org.gradle.logging.internal.DefaultLoggingConfigurer] Finished configuring with level: DEBUG, configurers: [org.gradle.logging.internal.OutputEventRenderer@217431b9, org.gradle.logging.internal.logback.LogbackLoggingConfigurer@536c79d7, org.gradle.logging.internal.JavaUtilLoggingConfigurer@76b33d0a]
11:15:53.881 [DEBUG] [org.gradle.launcher.daemon.server.exec.ExecuteBuild] The daemon has finished executing the build.
11:15:53.882 [DEBUG] [org.gradle.launcher.daemon.server.exec.ReturnResult] Daemon is dispatching the build result: DaemonCommandResult[type=CommandFailure, value=org.gradle.launcher.exec.ReportedException: org.gradle.api.internal.LocationAwareException: Build file '/Users/developer/Documents/Android/HiiSniper/Sizer/build.gradle' line: 9
A problem occurred evaluating root project 'Sizer'.]
11:15:53.883 [DEBUG] [org.gradle.launcher.daemon.server.SynchronizedDispatchConnection] thread 15: dispatching class org.gradle.launcher.daemon.protocol.CommandFailure
11:15:53.923 [DEBUG] [org.gradle.launcher.daemon.server.SynchronizedDispatchConnection] thread 20: received class org.gradle.launcher.daemon.protocol.Finished
11:15:53.924 [DEBUG] [org.gradle.launcher.daemon.server.DefaultDaemonConnection] Received non-IO message from client: org.gradle.launcher.daemon.protocol.Finished@794d23f8
11:15:53.924 [DEBUG] [org.gradle.launcher.daemon.server.SynchronizedDispatchConnection] thread 20: received null
11:15:53.925 [DEBUG] [org.gradle.launcher.daemon.server.DefaultDaemonConnection] Received end-of-input from client.
11:15:53.976 [DEBUG] [org.gradle.launcher.daemon.server.DaemonStateCoordinator] onFinishCommand() called while execution = DaemonCommandExecution[command = Build{id=1151e12d-b856-4d70-9a50-a5bcd945f89b.1, currentDir=/Applications/Android Studio.app/bin}, connection = org.gradle.launcher.daemon.server.DefaultDaemonConnection@756469e8]
11:15:53.977 [DEBUG] [org.gradle.launcher.daemon.server.DaemonStateCoordinator] updating lastActivityAt to 1382660153977
11:15:53.978 [INFO] [org.gradle.launcher.daemon.server.DomainRegistryUpdater] Marking the daemon as idle, address: [5a12fd23-474f-4ddf-8366-1dc812d69a8f port:55222, addresses:[/0:0:0:0:0:0:0:1, /127.0.0.1]]
11:15:53.978 [DEBUG] [org.gradle.launcher.daemon.registry.PersistentDaemonRegistry] Marking idle by address: [5a12fd23-474f-4ddf-8366-1dc812d69a8f port:55222, addresses:[/0:0:0:0:0:0:0:1, /127.0.0.1]]
11:15:53.979 [DEBUG] [org.gradle.cache.internal.DefaultFileLockManager] Waiting to acquire exclusive lock on daemon addresses registry.
11:15:53.980 [DEBUG] [org.gradle.cache.internal.DefaultFileLockManager] Lock acquired.
11:15:53.983 [DEBUG] [org.gradle.cache.internal.DefaultFileLockManager] Releasing lock on daemon addresses registry.
11:15:53.984 [DEBUG] [org.gradle.launcher.daemon.server.DaemonStateCoordinator] Daemon is idle, sleeping until state change or idle timeout at Fri Oct 25 11:16:53 EST 2013
11:15:53.984 [DEBUG] [org.gradle.launcher.daemon.server.DefaultIncomingConnectionHandler] Finishing executing command: Build{id=1151e12d-b856-4d70-9a50-a5bcd945f89b.1, currentDir=/Applications/Android Studio.app/bin}
11:15:53.985 [DEBUG] [org.gradle.launcher.daemon.server.DefaultIncomingConnectionHandler] Received finished message: null
11:15:53.986 [DEBUG] [org.gradle.launcher.daemon.server.SynchronizedDispatchConnection] thread 15: stopping connection
11:15:53.988 [DEBUG] [org.gradle.launcher.daemon.server.SynchronizedDispatchConnection] thread 15: stopping connection
11:16:53.978 [DEBUG] [org.gradle.launcher.daemon.server.DaemonStateCoordinator] Daemon has been idle for requested period.
11:16:53.978 [DEBUG] [org.gradle.launcher.daemon.server.DaemonStateCoordinator] Stop requested. The daemon is running a build: false
11:16:53.979 [INFO] [org.gradle.launcher.daemon.bootstrap.DaemonMain] Daemon hit idle timeout (60000ms), stopping...
11:16:53.979 [DEBUG] [org.gradle.launcher.daemon.server.Daemon] stop() called on daemon
11:16:53.979 [INFO] [org.gradle.launcher.daemon.server.Daemon] Stop requested. Daemon is removing its presence from the registry...
11:16:53.980 [DEBUG] [org.gradle.launcher.daemon.server.DaemonStateCoordinator] Stop requested. The daemon is running a build: false
11:16:53.980 [DEBUG] [org.gradle.launcher.daemon.server.DomainRegistryUpdater] Removing our presence to clients, eg. removing this address from the registry: [5a12fd23-474f-4ddf-8366-1dc812d69a8f port:55222, addresses:[/0:0:0:0:0:0:0:1, /127.0.0.1]]
11:16:53.980 [DEBUG] [org.gradle.launcher.daemon.registry.PersistentDaemonRegistry] Removing daemon address: [5a12fd23-474f-4ddf-8366-1dc812d69a8f port:55222, addresses:[/0:0:0:0:0:0:0:1, /127.0.0.1]]
11:16:53.981 [DEBUG] [org.gradle.cache.internal.DefaultFileLockManager] Waiting to acquire exclusive lock on daemon addresses registry.
11:16:53.982 [DEBUG] [org.gradle.cache.internal.DefaultFileLockManager] Lock acquired.
11:16:53.984 [DEBUG] [org.gradle.cache.internal.DefaultFileLockManager] Releasing lock on daemon addresses registry.
11:16:53.984 [DEBUG] [org.gradle.launcher.daemon.server.DomainRegistryUpdater] Address removed from registry.
Daemon vm is shutting down... The daemon has exited normally or was terminated in response to a user interrupt.
11:16:53.986 [INFO] [org.gradle.launcher.daemon.bootstrap.DaemonMain] Daemon[pid = 4060] process has finished.
11:16:53.986 [DEBUG] [org.gradle.launcher.daemon.registry.PersistentDaemonRegistry] Removing daemon address: [5a12fd23-474f-4ddf-8366-1dc812d69a8f port:55222, addresses:[/0:0:0:0:0:0:0:1, /127.0.0.1]]
11:16:53.986 [DEBUG] [org.gradle.cache.internal.DefaultFileLockManager] Waiting to acquire exclusive lock on daemon addresses registry.
11:16:53.987 [DEBUG] [org.gradle.cache.internal.DefaultFileLockManager] Lock acquired.
11:16:53.988 [DEBUG] [org.gradle.cache.internal.DefaultFileLockManager] Releasing lock on daemon addresses registry.
